# Open ports for webserver
sudo iptables -A INPUT -p tcp --dport http -j ACCEPT
sudo iptables -A INPUT -p tcp --dport https -j ACCEPT

# Install Java
sudo apt-get install default-jre
sudo apt-get install default-jdk
-> that was java7...
-> update /etc/apt/sources.list to import jessie-backports
sudo apt install -t jessie-backports  openjdk-8-jre-headless ca-certificates-java
sudo apt-get install openjdk-8-jre
sudo apt-get install openjdk-8-jdk
sudo update-alternatives --config java (change default version to java 8)
also updated locale settings with (sudo dpkg-reconfigure locales)

# Webserver
Created new folder 'carefuel' in root directory
start webserver with: sudo java -jar -Dserver.port=80 carefuel_server-0.1.0.jar
-> sudo due to port 80, in linux all ports under 1024 are normally reserved

# Database
Create the file /etc/apt/sources.list.d/pgdg.list, and add a line for the repository
	deb http://apt.postgresql.org/pub/repos/apt/ jessie-pgdg main
sudo wget --quiet -O - https://www.postgresql.org/media/keys/ACCC4CF8.asc | \ sudo apt-key add -
sudo apt-get update
sudo apt-get install postgresql postgresql-contrib

#join database
sudo -u postgres psql postgres


#restore data
#switch to user postgres
sudo su - postgres  
psql carefuel < history.dump
psql carefuel < history.dump.1


# import dumps on windows
# Default psql path if not changed
# Use port 5432 since it is so defined in the project
"C:\Program Files\PostgreSQL\9.4\bin\psql" -d carefuel -U postgres -p 5432 < history.dump
"C:\Program Files\PostgreSQL\9.4\bin\psql" -d carefuel -U postgres -p 5432 < history.dump.1


# Google Maps API

Erstellung eines Google Account carefuel.luh

Mail:	carefuel.luh@gmail.com
Password: NJuJh1A!Wln..
API-Key: AIzaSyAvS9-jUE8zO6234VVC5_O2GvkDLtN27K0


# Added script for updating the historic price predictions: /carefuel/update_prices.sh
# Also added cronjob under user postgres that starts every night at midnight, running that script
